<?xml version="1.0" encoding="UTF-8"?>
<!-- Generated by org.testng.reporters.JUnitReportReporter -->
<testsuite skipped="0" hostname="SVINLP00359" name="com.suntaragali.classes.DataProviderConsTest" tests="4" failures="0" timestamp="22 Jul 2019 06:03:20 GMT" time="0.004" errors="0">
  <testcase name="testMethodOne" time="0.001" classname="com.suntaragali.classes.DataProviderConsTest"/>
  <testcase name="testMethodOne" time="0.001" classname="com.suntaragali.classes.DataProviderConsTest"/>
  <testcase name="testMethodTwo" time="0.001" classname="com.suntaragali.classes.DataProviderConsTest"/>
  <testcase name="testMethodTwo" time="0.001" classname="com.suntaragali.classes.DataProviderConsTest"/>
</testsuite> <!-- com.suntaragali.classes.DataProviderConsTest -->
