<?xml version="1.0" encoding="UTF-8"?>
<!-- Generated by org.testng.reporters.JUnitReportReporter -->
<testsuite skipped="0" hostname="SVINLP00359" name="com.suntaragali.classes.ParameterTest" tests="4" failures="0" timestamp="22 Jul 2019 06:03:20 GMT" time="0.003" errors="0">
  <testcase name="testMethodTwo" time="0.000" classname="com.suntaragali.classes.ParameterTest"/>
  <testcase name="testMethodTwo" time="0.001" classname="com.suntaragali.classes.ParameterTest"/>
  <testcase name="testMethodOne" time="0.001" classname="com.suntaragali.classes.ParameterTest"/>
  <testcase name="testMethodOne" time="0.001" classname="com.suntaragali.classes.ParameterTest"/>
</testsuite> <!-- com.suntaragali.classes.ParameterTest -->
