<?xml version="1.0" encoding="UTF-8"?>
<!-- Generated by org.testng.reporters.JUnitReportReporter -->
<testsuite skipped="0" hostname="SVINLP00359" name="com.suntaragali.classes.DataProviderClass" tests="2" failures="0" timestamp="22 Jul 2019 06:03:20 GMT" time="0.002" errors="0">
  <testcase name="testMethod" time="0.001" classname="com.suntaragali.classes.DataProviderClass"/>
  <testcase name="testMethod" time="0.001" classname="com.suntaragali.classes.DataProviderClass"/>
</testsuite> <!-- com.suntaragali.classes.DataProviderClass -->
