<?xml version="1.0" encoding="UTF-8"?>
<!-- Generated by org.testng.reporters.JUnitReportReporter -->
<testsuite skipped="0" hostname="SVINLP00359" name="com.suntaragali.classes.DependencyTest" tests="4" failures="0" timestamp="22 Jul 2019 06:59:43 GMT" time="0.000" errors="0">
  <testcase name="testMethodOne" time="0.000" classname="com.suntaragali.classes.DependencyTest"/>
  <testcase name="testMethodOne" time="0.000" classname="com.suntaragali.classes.DependencyTest"/>
  <testcase name="testMethodTwo" time="0.000" classname="com.suntaragali.classes.DependencyTest"/>
  <testcase name="testMethodTwo" time="0.000" classname="com.suntaragali.classes.DependencyTest"/>
</testsuite> <!-- com.suntaragali.classes.DependencyTest -->
