<?xml version="1.0" encoding="UTF-8"?>
<!-- Generated by org.testng.reporters.JUnitReportReporter -->
<testsuite skipped="0" hostname="SVINLP00359" name="com.suntaragali.classes.ExampleFactoryTest" tests="2" failures="0" timestamp="22 Jul 2019 06:03:20 GMT" time="0.006" errors="0">
  <testcase name="testMethod" time="0.005" classname="com.suntaragali.classes.ExampleFactoryTest"/>
  <testcase name="testMethod" time="0.001" classname="com.suntaragali.classes.ExampleFactoryTest"/>
</testsuite> <!-- com.suntaragali.classes.ExampleFactoryTest -->
