<?xml version="1.0" encoding="UTF-8"?>
<!-- Generated by org.testng.reporters.JUnitReportReporter -->
<testsuite skipped="0" hostname="SVINLP00359" name="com.suntaragali.groups.RegularExpressionGroup" tests="2" failures="0" timestamp="19 Jul 2019 06:14:39 GMT" time="0.000" errors="0">
  <testcase name="testMethodOne" time="0.000" classname="com.suntaragali.groups.RegularExpressionGroup"/>
  <testcase name="testMethodTwo" time="0.000" classname="com.suntaragali.groups.RegularExpressionGroup"/>
</testsuite> <!-- com.suntaragali.groups.RegularExpressionGroup -->
