<?xml version="1.0" encoding="UTF-8"?>
<!-- Generated by org.testng.reporters.JUnitReportReporter -->
<testsuite skipped="0" hostname="SVINLP00359" name="com.suntaragali.groups.ExcludeGroup" tests="2" failures="0" timestamp="19 Jul 2019 05:19:32 GMT" time="0.015" errors="0">
  <testcase name="testMethodOne" time="0.015" classname="com.suntaragali.groups.ExcludeGroup"/>
  <testcase name="testMethodTwo" time="0.000" classname="com.suntaragali.groups.ExcludeGroup"/>
</testsuite> <!-- com.suntaragali.groups.ExcludeGroup -->
