<?xml version="1.0" encoding="UTF-8"?>
<!-- Generated by org.testng.reporters.JUnitReportReporter -->
<testsuite skipped="0" hostname="SVINLP00359" name="com.suntaragali.dependency.DifferentClassDependency" tests="3" failures="0" timestamp="19 Jul 2019 07:12:18 GMT" time="0.016" errors="0">
  <testcase name="testTwo" time="0.000" classname="com.suntaragali.dependency.DifferentClassDependency"/>
  <testcase name="testThree" time="0.016" classname="com.suntaragali.dependency.DifferentClassDependency"/>
  <testcase name="testOne" time="0.000" classname="com.suntaragali.dependency.DifferentClassDependency"/>
</testsuite> <!-- com.suntaragali.dependency.DifferentClassDependency -->
