<?xml version="1.0" encoding="UTF-8"?>
<!-- Generated by org.testng.reporters.JUnitReportReporter -->
<testsuite skipped="0" hostname="SVINLP00359" name="com.suntaragali.groups.MultiGroup" tests="4" failures="0" timestamp="19 Jul 2019 04:58:30 GMT" time="0.022" errors="0">
  <testcase name="testMethodThree" time="0.000" classname="com.suntaragali.groups.MultiGroup"/>
  <testcase name="testMethodTwo" time="0.000" classname="com.suntaragali.groups.MultiGroup"/>
  <testcase name="testMethodOne" time="0.015" classname="com.suntaragali.groups.MultiGroup"/>
  <testcase name="testMethodTwo" time="0.007" classname="com.suntaragali.groups.MultiGroup"/>
</testsuite> <!-- com.suntaragali.groups.MultiGroup -->
