<?xml version="1.0" encoding="UTF-8"?>
<!-- Generated by org.testng.reporters.JUnitReportReporter -->
<testsuite skipped="0" hostname="SVINLP00359" name="com.suntaragali.beforeafterextend.TestClass" tests="1" failures="0" timestamp="18 Jul 2019 12:14:59 GMT" time="0.003" errors="0">
  <testcase name="testMethod" time="0.003" classname="com.suntaragali.beforeafterextend.TestClass"/>
</testsuite> <!-- com.suntaragali.beforeafterextend.TestClass -->
