<?xml version="1.0" encoding="UTF-8"?>
<!-- Generated by org.testng.reporters.JUnitReportReporter -->
<testsuite skipped="0" hostname="SVINLP00359" name="com.suntaragali.dataprovider.DataProviderClassTest" tests="2" failures="0" timestamp="18 Jul 2019 13:43:47 GMT" time="0.000" errors="0">
  <testcase name="testMethod" time="0.000" classname="com.suntaragali.dataprovider.DataProviderClassTest"/>
  <testcase name="testMethod" time="0.000" classname="com.suntaragali.dataprovider.DataProviderClassTest"/>
</testsuite> <!-- com.suntaragali.dataprovider.DataProviderClassTest -->
