<?xml version="1.0" encoding="UTF-8"?>
<!-- Generated by org.testng.reporters.JUnitReportReporter -->
<testsuite skipped="0" hostname="SVINLP00359" name="com.suntaragali.dependency.SimpleGroupDependency" tests="3" failures="0" timestamp="19 Jul 2019 09:34:36 GMT" time="0.000" errors="0">
  <testcase name="groupTestThree" time="0.000" classname="com.suntaragali.dependency.SimpleGroupDependency"/>
  <testcase name="groupTestTwo" time="0.000" classname="com.suntaragali.dependency.SimpleGroupDependency"/>
  <testcase name="groupTestOne" time="0.000" classname="com.suntaragali.dependency.SimpleGroupDependency"/>
</testsuite> <!-- com.suntaragali.dependency.SimpleGroupDependency -->
