<?xml version="1.0" encoding="UTF-8"?>
<!-- Generated by org.testng.reporters.JUnitReportReporter -->
<testsuite skipped="0" hostname="SVINLP00359" name="com.suntaragali.dependency.SimpleDependencyTest" tests="2" failures="0" timestamp="19 Jul 2019 07:12:18 GMT" time="0.000" errors="0">
  <testcase name="testOne" time="0.000" classname="com.suntaragali.dependency.SimpleDependencyTest"/>
  <testcase name="testTwo" time="0.000" classname="com.suntaragali.dependency.SimpleDependencyTest"/>
</testsuite> <!-- com.suntaragali.dependency.SimpleDependencyTest -->
