<?xml version="1.0" encoding="UTF-8"?>
<!-- Generated by org.testng.reporters.JUnitReportReporter -->
<testsuite skipped="0" hostname="SVINLP00359" name="com.suntaragali.dependency.InheritedDependencyTest" tests="4" failures="0" timestamp="19 Jul 2019 07:12:18 GMT" time="0.000" errors="0">
  <testcase name="testFour" time="0.000" classname="com.suntaragali.dependency.InheritedDependencyTest"/>
  <testcase name="testThree" time="0.000" classname="com.suntaragali.dependency.InheritedDependencyTest"/>
  <testcase name="testOne" time="0.000" classname="com.suntaragali.dependency.InheritedDependencyTest"/>
  <testcase name="testTwo" time="0.000" classname="com.suntaragali.dependency.InheritedDependencyTest"/>
</testsuite> <!-- com.suntaragali.dependency.InheritedDependencyTest -->
