<?xml version="1.0" encoding="UTF-8"?>
<!-- Generated by org.testng.reporters.JUnitReportReporter -->
<testsuite skipped="0" hostname="SVINLP00359" name="com.suntaragali.regularexp.RegularExp" tests="6" failures="0" timestamp="18 Jul 2019 12:14:59 GMT" time="0.006" errors="0">
  <testcase name="includeTestSecond" time="0.001" classname="com.suntaragali.regularexp.RegularExp"/>
  <testcase name="excludeMethod" time="0.001" classname="com.suntaragali.regularexp.RegularExp"/>
  <testcase name="includeMethod" time="0.001" classname="com.suntaragali.regularexp.RegularExp"/>
  <testcase name="excludeTestFirst" time="0.001" classname="com.suntaragali.regularexp.RegularExp"/>
  <testcase name="includeTestFirst" time="0.002" classname="com.suntaragali.regularexp.RegularExp"/>
  <testcase name="excludeTestSecond" time="0.000" classname="com.suntaragali.regularexp.RegularExp"/>
</testsuite> <!-- com.suntaragali.regularexp.RegularExp -->
