<?xml version="1.0" encoding="UTF-8"?>
<!-- Generated by org.testng.reporters.JUnitReportReporter -->
<testsuite skipped="0" hostname="SVINLP00359" name="com.suntaragali.parameterization.ParameterTest" tests="3" failures="0" timestamp="18 Jul 2019 12:15:31 GMT" time="0.011" errors="0">
  <testcase name="parameterTestOne" time="0.009" classname="com.suntaragali.parameterization.ParameterTest"/>
  <testcase name="parameterTestTwo" time="0.001" classname="com.suntaragali.parameterization.ParameterTest"/>
  <testcase name="parameterTestThree" time="0.001" classname="com.suntaragali.parameterization.ParameterTest"/>
</testsuite> <!-- com.suntaragali.parameterization.ParameterTest -->
