<?xml version="1.0" encoding="UTF-8"?>
<!-- Generated by org.testng.reporters.JUnitReportReporter -->
<testsuite skipped="0" hostname="SVINLP00359" name="com.suntaragali.dependency.RegExDependency" tests="3" failures="0" timestamp="19 Jul 2019 07:23:11 GMT" time="0.014" errors="0">
  <testcase name="startsWithMethodOne" time="0.014" classname="com.suntaragali.dependency.RegExDependency"/>
  <testcase name="startsWithMethodTwo" time="0.000" classname="com.suntaragali.dependency.RegExDependency"/>
  <testcase name="regularExpMethod" time="0.000" classname="com.suntaragali.dependency.RegExDependency"/>
</testsuite> <!-- com.suntaragali.dependency.RegExDependency -->
