<?xml version="1.0" encoding="UTF-8"?>
<!-- Generated by org.testng.reporters.JUnitReportReporter -->
<testsuite skipped="0" hostname="SVINLP00359" name="com.suntaragali.secondpackage.FirstTest" tests="2" failures="0" timestamp="18 Jul 2019 12:14:59 GMT" time="0.010" errors="0">
  <testcase name="secondTest" time="0.001" classname="com.suntaragali.secondpackage.FirstTest"/>
  <testcase name="firstTest" time="0.009" classname="com.suntaragali.secondpackage.FirstTest"/>
</testsuite> <!-- com.suntaragali.secondpackage.FirstTest -->
