<?xml version="1.0" encoding="UTF-8"?>
<!-- Generated by org.testng.reporters.JUnitReportReporter -->
<testsuite skipped="0" hostname="SVINLP00359" name="com.suntaragali.parameterization.OptionalParamTest" tests="2" failures="0" timestamp="18 Jul 2019 13:01:32 GMT" time="0.016" errors="0">
  <testcase name="optionTest" time="0.000" classname="com.suntaragali.parameterization.OptionalParamTest"/>
  <testcase name="optionTest" time="0.016" classname="com.suntaragali.parameterization.OptionalParamTest"/>
</testsuite> <!-- com.suntaragali.parameterization.OptionalParamTest -->
