<?xml version="1.0" encoding="UTF-8"?>
<!-- Generated by org.testng.reporters.JUnitReportReporter -->
<testsuite skipped="0" hostname="SVINLP00359" name="com.suntaragali.dependency.SimpleXmlDependency" tests="1" failures="0" timestamp="19 Jul 2019 09:43:25 GMT" time="0.000" errors="0">
  <testcase name="groupTestOne" time="0.000" classname="com.suntaragali.dependency.SimpleXmlDependency"/>
</testsuite> <!-- com.suntaragali.dependency.SimpleXmlDependency -->
