<?xml version="1.0" encoding="UTF-8"?>
<!-- Generated by org.testng.reporters.JUnitReportReporter -->
<testsuite skipped="0" hostname="SVINLP00359" name="com.suntaragali.testngpractice.TimeSuite" tests="2" failures="0" timestamp="18 Jul 2019 12:14:59 GMT" time="0.926" errors="1">
  <testcase name="timeTestTwo" time="0.404" classname="com.suntaragali.testngpractice.TimeSuite"/>
  <testcase name="timeTestOne" time="0.522" classname="com.suntaragali.testngpractice.TimeSuite">
    <error type="org.testng.internal.thread.ThreadTimeoutException" message="Method com.suntaragali.testngpractice.TimeSuite.timeTestOne() didn&#039;t finish within the time-out 500">
      <![CDATA[org.testng.internal.thread.ThreadTimeoutException: Method com.suntaragali.testngpractice.TimeSuite.timeTestOne() didn't finish within the time-out 500
]]>
    </error>
  </testcase> <!-- timeTestOne -->
</testsuite> <!-- com.suntaragali.testngpractice.TimeSuite -->
