<?xml version="1.0" encoding="UTF-8"?>
<!-- Generated by org.testng.reporters.JUnitReportReporter -->
<testsuite skipped="0" hostname="SVINLP00359" name="com.suntaragali.beforeafter.TestBeforeAfter" tests="2" failures="0" timestamp="18 Jul 2019 12:14:59 GMT" time="0.004" errors="0">
  <testcase name="testTwoMethod" time="0.001" classname="com.suntaragali.beforeafter.TestBeforeAfter"/>
  <testcase name="testOneMethod" time="0.003" classname="com.suntaragali.beforeafter.TestBeforeAfter"/>
</testsuite> <!-- com.suntaragali.beforeafter.TestBeforeAfter -->
