<?xml version="1.0" encoding="UTF-8"?>
<!-- Generated by org.testng.reporters.JUnitReportReporter -->
<testsuite skipped="0" hostname="SVINLP00359" name="com.suntaragali.thirdpackage.SecondTest" tests="2" failures="0" timestamp="18 Jul 2019 12:14:59 GMT" time="0.002" errors="0">
  <testcase name="firstTest" time="0.001" classname="com.suntaragali.thirdpackage.SecondTest"/>
  <testcase name="secondTest" time="0.001" classname="com.suntaragali.thirdpackage.SecondTest"/>
</testsuite> <!-- com.suntaragali.thirdpackage.SecondTest -->
