<?xml version="1.0" encoding="UTF-8"?>
<!-- Generated by org.testng.reporters.JUnitReportReporter -->
<testsuite skipped="0" hostname="SVINLP00359" name="com.suntaragali.groups.TestGroup" tests="3" failures="0" timestamp="19 Jul 2019 09:34:36 GMT" time="0.015" errors="0">
  <testcase name="testMethodThree" time="0.000" classname="com.suntaragali.groups.TestGroup"/>
  <testcase name="testMethodOne" time="0.000" classname="com.suntaragali.groups.TestGroup"/>
  <testcase name="testMethodTwo" time="0.015" classname="com.suntaragali.groups.TestGroup"/>
</testsuite> <!-- com.suntaragali.groups.TestGroup -->
