<?xml version="1.0" encoding="UTF-8"?>
<!-- Generated by org.testng.reporters.JUnitReportReporter -->
<testsuite skipped="0" hostname="SVINLP00359" name="com.suntaragali.dependency.MultiGrpXmlDependency" tests="1" failures="0" timestamp="19 Jul 2019 10:02:21 GMT" time="0.000" errors="0">
  <testcase name="groupTestOne" time="0.000" classname="com.suntaragali.dependency.MultiGrpXmlDependency"/>
</testsuite> <!-- com.suntaragali.dependency.MultiGrpXmlDependency -->
