<?xml version="1.0" encoding="UTF-8"?>
<!-- Generated by org.testng.reporters.JUnitReportReporter -->
<testsuite skipped="0" hostname="SVINLP00359" name="com.suntaragali.dataprovider.SameClassDataProvider" tests="2" failures="0" timestamp="18 Jul 2019 13:28:21 GMT" time="0.007" errors="0">
  <testcase name="testMethod" time="0.006" classname="com.suntaragali.dataprovider.SameClassDataProvider"/>
  <testcase name="testMethod" time="0.001" classname="com.suntaragali.dataprovider.SameClassDataProvider"/>
</testsuite> <!-- com.suntaragali.dataprovider.SameClassDataProvider -->
