<?xml version="1.0" encoding="UTF-8"?>
<!-- Generated by org.testng.reporters.JUnitReportReporter -->
<testsuite skipped="0" hostname="SVINLP00359" name="com.suntaragali.test.ParameterizedTest" tests="2" failures="0" timestamp="24 Jul 2019 07:14:09 GMT" time="0.004" errors="0">
  <testcase name="paramTestOne" time="0.004" classname="com.suntaragali.test.ParameterizedTest"/>
  <testcase name="paramTestTwo" time="0.000" classname="com.suntaragali.test.ParameterizedTest"/>
</testsuite> <!-- com.suntaragali.test.ParameterizedTest -->
