<?xml version="1.0" encoding="UTF-8"?>
<!-- Generated by org.testng.reporters.JUnitReportReporter -->
<testsuite skipped="0" hostname="SVINLP00359" name="com.suntaragali.test.IncludeExcludeGroupTest" tests="2" failures="0" timestamp="24 Jul 2019 07:51:45 GMT" time="0.000" errors="0">
  <testcase name="testMethodThree" time="0.000" classname="com.suntaragali.test.IncludeExcludeGroupTest"/>
  <testcase name="testMethodOne" time="0.000" classname="com.suntaragali.test.IncludeExcludeGroupTest"/>
</testsuite> <!-- com.suntaragali.test.IncludeExcludeGroupTest -->
