<?xml version="1.0" encoding="UTF-8"?>
<!-- Generated by org.testng.reporters.JUnitReportReporter -->
<testsuite skipped="0" hostname="SVINLP00359" name="com.suntaragali.test.DependencyTest" tests="5" failures="0" timestamp="24 Jul 2019 08:20:02 GMT" time="0.000" errors="0">
  <testcase name="testMethodTwo" time="0.000" classname="com.suntaragali.test.DependencyTest"/>
  <testcase name="testMethodFive" time="0.000" classname="com.suntaragali.test.DependencyTest"/>
  <testcase name="testMethodFour" time="0.000" classname="com.suntaragali.test.DependencyTest"/>
  <testcase name="testMethodOne" time="0.000" classname="com.suntaragali.test.DependencyTest"/>
  <testcase name="testMethodThree" time="0.000" classname="com.suntaragali.test.DependencyTest"/>
</testsuite> <!-- com.suntaragali.test.DependencyTest -->
