<?xml version="1.0" encoding="UTF-8"?>
<!-- Generated by org.testng.reporters.JUnitReportReporter -->
<testsuite skipped="0" hostname="SVINLP00359" name="com.suntaragali.test.IncludeExcludeMethodTest" tests="2" failures="0" timestamp="24 Jul 2019 07:38:55 GMT" time="0.015" errors="0">
  <testcase name="testMethodTwo" time="0.000" classname="com.suntaragali.test.IncludeExcludeMethodTest"/>
  <testcase name="testMethodOne" time="0.015" classname="com.suntaragali.test.IncludeExcludeMethodTest"/>
</testsuite> <!-- com.suntaragali.test.IncludeExcludeMethodTest -->
