<?xml version="1.0" encoding="UTF-8"?>
<!-- Generated by org.testng.reporters.JUnitReportReporter -->
<testsuite skipped="0" hostname="SVINLP00359" name="com.suntaragali.parallelism.SampleIndependentTestInParallel" tests="6" failures="0" timestamp="22 Jul 2019 10:08:52 GMT" time="0.000" errors="0">
  <testcase name="testMethod" time="0.000" classname="com.suntaragali.parallelism.SampleIndependentTestInParallel"/>
  <testcase name="testMethod" time="0.000" classname="com.suntaragali.parallelism.SampleIndependentTestInParallel"/>
  <testcase name="testMethod" time="0.000" classname="com.suntaragali.parallelism.SampleIndependentTestInParallel"/>
  <testcase name="testMethod" time="0.000" classname="com.suntaragali.parallelism.SampleIndependentTestInParallel"/>
  <testcase name="testMethod" time="0.000" classname="com.suntaragali.parallelism.SampleIndependentTestInParallel"/>
  <testcase name="testMethod" time="0.000" classname="com.suntaragali.parallelism.SampleIndependentTestInParallel"/>
</testsuite> <!-- com.suntaragali.parallelism.SampleIndependentTestInParallel -->
