<?xml version="1.0" encoding="UTF-8"?>
<!-- Generated by org.testng.reporters.JUnitReportReporter -->
<testsuite skipped="0" hostname="SVINLP00359" name="com.suntaragali.parallelism.SampleTestClassInParallel" tests="2" failures="0" timestamp="22 Jul 2019 09:31:59 GMT" time="0.000" errors="0">
  <testcase name="testMethodOne" time="0.000" classname="com.suntaragali.parallelism.SampleTestClassInParallel"/>
  <testcase name="testMethodTwo" time="0.000" classname="com.suntaragali.parallelism.SampleTestClassInParallel"/>
</testsuite> <!-- com.suntaragali.parallelism.SampleTestClassInParallel -->
