<?xml version="1.0" encoding="UTF-8"?>
<!-- Generated by org.testng.reporters.JUnitReportReporter -->
<testsuite skipped="0" hostname="SVINLP00359" name="com.suntaragali.parallelism.SampleTestSuiteInParallel" tests="2" failures="0" timestamp="22 Jul 2019 10:00:20 GMT" time="0.016" errors="0">
  <testcase name="testMethodOne" time="0.016" classname="com.suntaragali.parallelism.SampleTestSuiteInParallel"/>
  <testcase name="testMethodOne" time="0.000" classname="com.suntaragali.parallelism.SampleTestSuiteInParallel"/>
</testsuite> <!-- com.suntaragali.parallelism.SampleTestSuiteInParallel -->
