<?xml version="1.0" encoding="UTF-8"?>
<!-- Generated by org.testng.reporters.JUnitReportReporter -->
<testsuite skipped="0" hostname="SVINLP00359" name="com.suntaragali.parallelism.SampleTestClassInParallelOne" tests="2" failures="0" timestamp="22 Jul 2019 09:41:14 GMT" time="0.015" errors="0">
  <testcase name="testMethodTwo" time="0.000" classname="com.suntaragali.parallelism.SampleTestClassInParallelOne"/>
  <testcase name="testMethodOne" time="0.015" classname="com.suntaragali.parallelism.SampleTestClassInParallelOne"/>
</testsuite> <!-- com.suntaragali.parallelism.SampleTestClassInParallelOne -->
