<?xml version="1.0" encoding="UTF-8"?>
<!-- Generated by org.testng.reporters.JUnitReportReporter -->
<testsuite skipped="0" hostname="SVINLP00359" name="com.suntaragali.parallelism.SimpleParallelismTest" tests="2" failures="0" timestamp="22 Jul 2019 07:31:57 GMT" time="0.014" errors="0">
  <testcase name="testMethodsTwo" time="0.007" classname="com.suntaragali.parallelism.SimpleParallelismTest"/>
  <testcase name="testMethodsOne" time="0.007" classname="com.suntaragali.parallelism.SimpleParallelismTest"/>
</testsuite> <!-- com.suntaragali.parallelism.SimpleParallelismTest -->
