<?xml version="1.0" encoding="UTF-8"?>
<!-- Generated by org.testng.reporters.JUnitXMLReporter -->
<testsuite hostname="SVINLP00359" ignored="0" name="Test-Class Level Parallelism Test" tests="4" failures="0" timestamp="22 Jul 2019 09:41:14 GMT" time="0.031" errors="0">
  <testcase name="testMethodOne" time="0.015" classname="com.suntaragali.parallelism.SampleTestClassInParallelOne"/>
  <testcase name="testMethodTwo" time="0.0" classname="com.suntaragali.parallelism.SampleTestClassInParallelOne"/>
  <testcase name="testMethodOne" time="0.0" classname="com.suntaragali.parallelism.SampleTestClassInParallelTwo"/>
  <testcase name="testMethodTwo" time="0.0" classname="com.suntaragali.parallelism.SampleTestClassInParallelTwo"/>
</testsuite> <!-- Test-Class Level Parallelism Test -->
